<?xml version="1.0" encoding="UTF-8"?>
<!-- Generated by org.testng.reporters.JUnitReportReporter -->
<testsuite hostname="Khalids-MacBook-Pro.local" failures="0" tests="1" name="com.browserstack.test.suites.e2e.BSDemoLT" time="24.460" errors="0" timestamp="2022-06-13T20:59:30 IST" skipped="0">
  <testcase classname="com.browserstack.test.suites.e2e.BSDemoLT" name="testSearchBrowserStack" time="24.460"/>
  <system-out/>
</testsuite> <!-- com.browserstack.test.suites.e2e.BSDemoLT -->
