<?xml version="1.0" encoding="UTF-8"?>
<!-- Generated by org.testng.reporters.JUnitReportReporter -->
<testsuite hostname="Khalids-MacBook-Pro.local" failures="0" tests="1" name="com.browserstack.test.suites.e2e.CVTest" time="55.375" errors="0" timestamp="2022-06-15T16:12:16 IST" skipped="0">
  <testcase classname="com.browserstack.test.suites.e2e.CVTest" name="testSearchBrowserStack" time="55.375"/>
  <system-out/>
</testsuite> <!-- com.browserstack.test.suites.e2e.CVTest -->
