<?xml version="1.0" encoding="UTF-8"?>
<!-- Generated by org.testng.reporters.JUnitReportReporter -->
<testsuite hostname="Khalids-MacBook-Pro.local" failures="0" tests="1" name="com.browserstack.test.suites.e2e.BSDemo" time="16.119" errors="0" timestamp="2022-06-13T21:00:18 IST" skipped="0">
  <testcase classname="com.browserstack.test.suites.e2e.BSDemo" name="testSearchBrowserStack" time="16.119"/>
  <system-out/>
</testsuite> <!-- com.browserstack.test.suites.e2e.BSDemo -->
