<?xml version="1.0" encoding="UTF-8"?>
<!-- Generated by org.testng.reporters.JUnitReportReporter -->
<testsuite hostname="Khalids-MacBook-Pro.local" failures="0" tests="1" name="com.browserstack.test.suites.e2e.CVTestEU" time="43.296" errors="0" timestamp="2022-06-15T15:01:27 IST" skipped="0">
  <testcase classname="com.browserstack.test.suites.e2e.CVTestEU" name="testSearchBrowserStack" time="43.296"/>
  <system-out/>
</testsuite> <!-- com.browserstack.test.suites.e2e.CVTestEU -->
