<?xml version="1.0" encoding="UTF-8"?>
<!-- Generated by org.testng.reporters.JUnitReportReporter -->
<testsuite hostname="Khalids-MacBook-Pro.local" failures="0" tests="1" name="com.browserstack.test.suites.e2e.CVTestLT" time="29.541" errors="0" timestamp="2022-06-13T16:54:54 IST" skipped="0">
  <testcase classname="com.browserstack.test.suites.e2e.CVTestLT" name="testSearchBrowserStack" time="29.541"/>
  <system-out/>
</testsuite> <!-- com.browserstack.test.suites.e2e.CVTestLT -->
