<?xml version="1.0" encoding="UTF-8"?>
<!-- Generated by org.testng.reporters.JUnitReportReporter -->
<testsuite hostname="Khalids-MacBook-Pro.local" failures="0" tests="1" name="com.browserstack.test.suites.e2e.CVTestMac" time="32.954" errors="0" timestamp="2022-06-13T16:04:31 IST" skipped="0">
  <testcase classname="com.browserstack.test.suites.e2e.CVTestMac" name="testSearchBrowserStack" time="32.954"/>
  <system-out/>
</testsuite> <!-- com.browserstack.test.suites.e2e.CVTestMac -->
