<?xml version="1.0" encoding="UTF-8"?>
<!-- Generated by org.testng.reporters.JUnitReportReporter -->
<testsuite hostname="Khalids-MacBook-Pro.local" failures="0" tests="1" name="com.browserstack.test.suites.e2e.CVTest" time="76.237" errors="0" timestamp="2022-06-14T13:14:35 IST" skipped="0">
  <testcase classname="com.browserstack.test.suites.e2e.CVTest" name="testSearchBrowserStack" time="76.237"/>
  <system-out/>
</testsuite> <!-- com.browserstack.test.suites.e2e.CVTest -->
