<?xml version="1.0" encoding="UTF-8"?>
<!-- Generated by org.testng.reporters.JUnitReportReporter -->
<testsuite hostname="Khalids-MacBook-Pro.local" failures="0" tests="1" name="com.browserstack.test.suites.login.ACESampleFirefox" time="45.393" errors="0" timestamp="2022-06-13T15:17:42 IST" skipped="0">
  <testcase classname="com.browserstack.test.suites.login.ACESampleFirefox" name="loginLockedUser" time="45.393"/>
  <system-out/>
</testsuite> <!-- com.browserstack.test.suites.login.ACESampleFirefox -->
